WARN [2019-01-28 23:57:07] PARAMS: No out-prefix specified! Will use the following: "contigs".
WARN [2019-01-28 23:57:07] PARAMS: No out-suffix specified! Will use the following: "bin".
INFO [2019-01-28 23:57:07] START (Log at /var/www/user_data/busybee//ab404f23-f867-4388-9e1a-63b36bf2a6bd/binning_ab404f23-f867-4388-9e1a-63b36bf2a6bd//contigs.log).
INFO [2019-01-28 23:57:07] INIT: Reading FNA input (2279 entries) took 0.33 seconds.
INFO [2019-01-28 23:57:07] INIT: Computing genomic signatures (5-mer, collapsed) took 2.46 seconds.
INFO [2019-01-28 23:57:10] INIT: Transform (2279x512) normalize to sum of 1, center & scale took 0.79 seconds.
INFO [2019-01-28 23:57:11] INIT: PCA to 2279x50 took 0.49 seconds.
INFO [2019-01-28 23:57:11] INIT: Num. short sequences (< 1000nt): 82.
INFO [2019-01-28 23:57:11] INIT: Num. border sequences (>= 1000nt & < 2000nt): 599.
INFO [2019-01-28 23:57:11] INIT: Num. cluster sequences (>= 2000nt): 1598.

INFO [2019-01-28 23:57:11] EMBED: Computing 2D coordinates; may take a while.
Read the 2197 x 50 data matrix successfully!
Using no_dims = 2, perplexity = 30.000000, and theta = 0.500000
Computing input similarities...
Normalizing input...
Building tree...
 - point 0 of 2197
Done in 0.63 seconds (sparsity = 0.067267)!
Learning embedding...
Iteration 50: error is 73.167925 (50 iterations in 3.60 seconds)
Iteration 100: error is 64.430097 (50 iterations in 1.57 seconds)
Iteration 150: error is 63.735141 (50 iterations in 1.63 seconds)
Iteration 200: error is 63.455760 (50 iterations in 1.72 seconds)
Iteration 250: error is 63.296775 (50 iterations in 1.77 seconds)
Iteration 300: error is 1.806007 (50 iterations in 1.32 seconds)
Iteration 350: error is 1.652060 (50 iterations in 1.16 seconds)
Iteration 400: error is 1.590173 (50 iterations in 1.18 seconds)
Iteration 450: error is 1.561185 (50 iterations in 1.27 seconds)
Iteration 500: error is 1.548864 (50 iterations in 1.23 seconds)
Iteration 550: error is 1.543952 (50 iterations in 1.35 seconds)
Iteration 600: error is 1.538496 (50 iterations in 1.40 seconds)
Iteration 650: error is 1.532341 (50 iterations in 1.33 seconds)
Iteration 700: error is 1.528095 (50 iterations in 1.33 seconds)
Iteration 750: error is 1.524147 (50 iterations in 1.31 seconds)
Iteration 800: error is 1.521651 (50 iterations in 1.30 seconds)
Iteration 850: error is 1.519350 (50 iterations in 1.32 seconds)
Iteration 900: error is 1.517789 (50 iterations in 1.32 seconds)
Iteration 950: error is 1.516956 (50 iterations in 1.31 seconds)
Iteration 1000: error is 1.515783 (50 iterations in 1.36 seconds)
Fitting performed in 29.79 seconds.
INFO [2019-01-28 23:57:43] EMBED: Computing 2D coordinates took 31.48 seconds.

INFO [2019-01-28 23:57:43] CLUSTER: Computing eps took 0.10 seconds.
INFO [2019-01-28 23:57:43] CLUSTER: Computing clusters (eps: 2.05677, min. pts: 30) took 0.00 seconds.
INFO [2019-01-28 23:57:43] CLUSTER: 112/1598 (7.01%) noise sequences.

INFO [2019-01-28 23:57:45] EXPORT TABLE: Exported to /var/www/user_data/busybee//ab404f23-f867-4388-9e1a-63b36bf2a6bd/binning_ab404f23-f867-4388-9e1a-63b36bf2a6bd//contigs.cluster.table.tsv.
INFO [2019-01-28 23:57:45] EXPORT CLUSTER: Took 0.01 seconds.
INFO [2019-01-28 23:57:45] TRAIN: 112/1598 (7.01%) points ignored; number of trees to grow: 100; may take a while.
ntree      OOB      1      2      3      4      5      6
   10:  10.58% 14.90% 10.09%  8.05% 24.82%  3.45%  4.46%
   20:   5.66%  5.84%  7.48%  3.25% 17.39%  3.41%  0.63%
   30:   3.43%  3.50%  5.59%  1.34% 10.87%  2.27%  0.00%
   40:   2.89%  3.50%  4.35%  0.96%  9.42%  2.27%  0.00%
   50:   2.83%  4.28%  4.66%  0.76%  8.70%  0.00%  0.00%
   60:   2.42%  3.89%  4.35%  0.57%  6.52%  0.00%  0.00%
   70:   2.56%  2.72%  4.97%  0.76%  7.97%  0.00%  0.00%
   80:   2.42%  2.33%  4.97%  0.38%  8.70%  0.00%  0.00%
   90:   2.36%  2.72%  4.35%  0.57%  7.97%  0.00%  0.00%
  100:   1.95%  1.56%  4.35%  0.19%  7.25%  0.00%  0.00%
INFO [2019-01-28 23:57:46] TRAIN: Training on 1486 points took 0.97 seconds.

INFO [2019-01-28 23:57:46] EXPORT: 0/2279 (0.00%) sequences failed to pass "probability" threshold of 0.00.
INFO [2019-01-28 23:57:46] EXPORT FASTA: Bin 1 has 494 sequences.
INFO [2019-01-28 23:57:46] EXPORT FASTA: Bin 2 has 471 sequences.
INFO [2019-01-28 23:57:46] EXPORT FASTA: Bin 3 has 782 sequences.
INFO [2019-01-28 23:57:46] EXPORT FASTA: Bin 4 has 284 sequences.
INFO [2019-01-28 23:57:46] EXPORT FASTA: Bin 5 has 89 sequences.
INFO [2019-01-28 23:57:46] EXPORT FASTA: Bin 6 has 159 sequences.
INFO [2019-01-28 23:57:46] EXPORT TABLE: Exported to /var/www/user_data/busybee//ab404f23-f867-4388-9e1a-63b36bf2a6bd/binning_ab404f23-f867-4388-9e1a-63b36bf2a6bd//contigs.bin.table.tsv.
INFO [2019-01-28 23:57:46] EXPORT BINS: Took 0.10 seconds.

INFO [2019-01-28 23:57:46] END. Took total of 38.88 seconds for 2279 sequences (Log at /var/www/user_data/busybee//ab404f23-f867-4388-9e1a-63b36bf2a6bd/binning_ab404f23-f867-4388-9e1a-63b36bf2a6bd//contigs.log).
